c:\users\abby.eustace\desktop\kinect azure\cob kinect azure\x64\debug\vc142.pdb
c:\users\abby.eustace\desktop\kinect azure\cob kinect azure\x64\debug\vc142.idb
c:\users\abby.eustace\desktop\kinect azure\cob kinect azure\x64\debug\main.obj
c:\users\abby.eustace\desktop\kinect azure\cob kinect azure\x64\debug\cob kinect azure.ilk
c:\users\abby.eustace\desktop\kinect azure\cob kinect azure\x64\debug\cob kinect azure.exe
c:\users\abby.eustace\desktop\kinect azure\cob kinect azure\x64\debug\cob kinect azure.pdb
c:\users\abby.eustace\desktop\kinect azure\cob kinect azure\x64\debug\bodytracking.ilk
c:\users\abby.eustace\desktop\kinect azure\cob kinect azure\x64\debug\onlyjointprocessing.ilk
c:\users\abby.eustace\desktop\kinect azure\cob kinect azure\x64\debug\postprocessbodytracking.ilk
c:\users\abby.eustace\desktop\kinect azure\cob kinect azure\x64\debug\sync2camerajeremy.ilk
c:\users\abby.eustace\desktop\kinect azure\cob kinect azure\x64\debug\synccameraabby.ilk
c:\users\abby.eustace\desktop\kinect azure\cob kinect azure\x64\debug\bodytracking.pdb
c:\users\abby.eustace\desktop\kinect azure\cob kinect azure\x64\debug\onlyjointprocessing.pdb
c:\users\abby.eustace\desktop\kinect azure\cob kinect azure\x64\debug\postprocessbodytracking.pdb
c:\users\abby.eustace\desktop\kinect azure\cob kinect azure\x64\debug\sync2camerajeremy.pdb
c:\users\abby.eustace\desktop\kinect azure\cob kinect azure\x64\debug\synccameraabby.pdb
c:\users\abby.eustace\desktop\kinect azure\cob kinect azure\x64\debug\cob kinect azure.tlog\cl.command.1.tlog
c:\users\abby.eustace\desktop\kinect azure\cob kinect azure\x64\debug\cob kinect azure.tlog\cl.read.1.tlog
c:\users\abby.eustace\desktop\kinect azure\cob kinect azure\x64\debug\cob kinect azure.tlog\cl.write.1.tlog
c:\users\abby.eustace\desktop\kinect azure\cob kinect azure\x64\debug\cob kinect azure.tlog\link.command.1.tlog
c:\users\abby.eustace\desktop\kinect azure\cob kinect azure\x64\debug\cob kinect azure.tlog\link.read.1.tlog
c:\users\abby.eustace\desktop\kinect azure\cob kinect azure\x64\debug\cob kinect azure.tlog\link.write.1.tlog
